\BOOKMARK [0][-]{part.1}{\376\377\000I\000\040\000C\000o\000n\000c\000e\000t\000t\000i\000\040\000M\000a\000t\000e\000m\000a\000t\000i\000c\000i}{}% 1
\BOOKMARK [1][-]{section.1}{\376\377\000N\000o\000t\000a\000z\000i\000o\000n\000e\000\040\000a\000s\000i\000n\000t\000o\000t\000i\000c\000a}{part.1}% 2
\BOOKMARK [2][-]{subsection.1.1}{\376\377\000N\000o\000t\000a\000z\000i\000o\000n\000e\000\040\000O\000-\000g\000r\000a\000n\000d\000e\000\040\000\050\000e\000\040\000o\000-\000p\000i\000c\000c\000o\000l\000o\000\051}{section.1}% 3
\BOOKMARK [2][-]{subsection.1.2}{\376\377\000N\000o\000t\000a\000z\000i\000o\000n\000e\000\040\000O\000m\000e\000g\000a\000-\000g\000r\000a\000n\000d\000e\000\040\000\050\000e\000\040\000o\000m\000e\000g\000a\000-\000p\000i\000c\000c\000o\000l\000o\000\051}{section.1}% 4
\BOOKMARK [2][-]{subsection.1.3}{\376\377\000N\000o\000t\000a\000z\000i\000o\000n\000e\000\040\000T\000h\000e\000t\000a}{section.1}% 5
\BOOKMARK [2][-]{subsection.1.4}{\376\377\000P\000r\000o\000p\000r\000i\000e\000t\000\340\000\040\000d\000i\000\040\000b\000a\000s\000e}{section.1}% 6
\BOOKMARK [2][-]{subsection.1.5}{\376\377\000C\000o\000m\000p\000o\000r\000t\000a\000m\000e\000n\000t\000o\000\040\000r\000i\000s\000p\000e\000t\000t\000o\000\040\000a\000l\000l\000e\000\040\000o\000p\000e\000r\000a\000z\000i\000o\000n\000i}{section.1}% 7
\BOOKMARK [1][-]{section.2}{\376\377\000C\000e\000n\000n\000i\000\040\000u\000t\000i\000l\000i\000\040\000s\000u\000i\000\040\000l\000i\000m\000i\000t\000i}{part.1}% 8
\BOOKMARK [1][-]{section.3}{\376\377\000S\000t\000i\000m\000e\000\040\000d\000i\000\040\000S\000o\000m\000m\000e}{part.1}% 9
\BOOKMARK [0][-]{part.2}{\376\377\000I\000I\000\040\000A\000l\000g\000o\000r\000i\000t\000m\000i}{}% 10
\BOOKMARK [1][-]{section.4}{\376\377\000T\000a\000b\000e\000l\000l\000a\000\040\000r\000i\000a\000s\000s\000u\000n\000t\000i\000v\000a\000\040\000c\000o\000s\000t\000i\000\040\000t\000e\000m\000p\000o\000r\000a\000l\000i}{part.2}% 11
\BOOKMARK [1][-]{section.5}{\376\377\000A\000l\000g\000o\000r\000i\000t\000m\000i\000\040\000d\000i\000\040\000o\000r\000d\000i\000n\000a\000m\000e\000n\000t\000o\000\040\000e\000\040\000c\000o\000s\000t\000r\000u\000z\000i\000o\000n\000e}{part.2}% 12
\BOOKMARK [2][-]{subsection.5.1}{\376\377\000I\000n\000s\000e\000r\000t\000i\000o\000n\000\040\000s\000o\000r\000t}{section.5}% 13
\BOOKMARK [2][-]{subsection.5.2}{\376\377\000M\000e\000r\000g\000e}{section.5}% 14
\BOOKMARK [2][-]{subsection.5.3}{\376\377\000M\000e\000r\000g\000e\000\040\000s\000o\000r\000t}{section.5}% 15
\BOOKMARK [2][-]{subsection.5.4}{\376\377\000B\000u\000i\000l\000d\000-\000M\000a\000x\000-\000H\000e\000a\000p\000\040\000\050\000a\000r\000r\000a\000y\000\051}{section.5}% 16
\BOOKMARK [2][-]{subsection.5.5}{\376\377\000H\000e\000a\000p\000i\000f\000y\000\040\000\050\000a\000r\000r\000a\000y\000\051}{section.5}% 17
\BOOKMARK [2][-]{subsection.5.6}{\376\377\000H\000e\000a\000p\000\040\000S\000o\000r\000t}{section.5}% 18
\BOOKMARK [2][-]{subsection.5.7}{\376\377\000Q\000u\000i\000c\000k\000\040\000S\000o\000r\000t}{section.5}% 19
\BOOKMARK [2][-]{subsection.5.8}{\376\377\000P\000a\000r\000t\000i\000t\000i\000o\000n}{section.5}% 20
\BOOKMARK [2][-]{subsection.5.9}{\376\377\000S\000e\000l\000e\000c\000t\000i\000o\000n}{section.5}% 21
\BOOKMARK [1][-]{section.6}{\376\377\000A\000l\000g\000o\000r\000i\000t\000m\000i\000\040\000d\000i\000\040\000o\000r\000d\000i\000n\000a\000m\000e\000n\000t\000o\000\040\000n\000o\000n\000\040\000b\000a\000s\000a\000t\000i\000\040\000s\000u\000\040\000s\000c\000a\000m\000b\000i\000\040\000e\000\040\000c\000o\000n\000f\000r\000o\000n\000t\000i}{part.2}% 22
\BOOKMARK [2][-]{subsection.6.1}{\376\377\000C\000o\000u\000n\000t\000i\000n\000g\000\040\000S\000o\000r\000t}{section.6}% 23
\BOOKMARK [2][-]{subsection.6.2}{\376\377\000R\000a\000d\000i\000x\000\040\000S\000o\000r\000t}{section.6}% 24
\BOOKMARK [2][-]{subsection.6.3}{\376\377\000B\000u\000c\000k\000e\000t\000\040\000S\000o\000r\000t}{section.6}% 25
\BOOKMARK [0][-]{part.3}{\376\377\000I\000I\000I\000\040\000S\000t\000r\000u\000t\000t\000u\000r\000e\000\040\000D\000a\000t\000i}{}% 26
\BOOKMARK [1][-]{section.7}{\376\377\000s\000t\000r\000u\000t\000t\000u\000r\000e\000\040\000d\000a\000t\000i\000\040\000l\000i\000n\000e\000a\000r\000i}{part.3}% 27
\BOOKMARK [2][-]{subsection.7.1}{\376\377\000A\000r\000r\000a\000y}{section.7}% 28
\BOOKMARK [2][-]{subsection.7.2}{\376\377\000L\000i\000s\000t\000a}{section.7}% 29
\BOOKMARK [2][-]{subsection.7.3}{\376\377\000P\000i\000l\000a}{section.7}% 30
\BOOKMARK [2][-]{subsection.7.4}{\376\377\000A\000l\000b\000e\000r\000o\000\040\000B\000i\000n\000a\000r\000i\000o}{section.7}% 31
\BOOKMARK [2][-]{subsection.7.5}{\376\377\000C\000o\000d\000e\000\040\000d\000i\000\040\000p\000r\000i\000o\000r\000i\000t\000\340}{section.7}% 32
\BOOKMARK [2][-]{subsection.7.6}{\376\377\000M\000a\000x\000-\000H\000e\000a\000p}{section.7}% 33
